Build started 6/12/2015 10:49:43 AM.
     1>Project "C:\cygwin64\home\htao\lightningdb-win\liblmdb.test6\liblmdb.test6.vcxproj" on node 3 (Rebuild target(s)).
     1>ClCompile:
         C:\Program Files (x86)\Microsoft Visual Studio 12.0\VC\bin\x86_amd64\CL.exe /c /I..\liblmdb /I..\liblmdb\build_compability_includes\real /Zi /nologo /W3 /WX- /Od /D MDB_DEBUG /D _MBCS /Gm /EHsc /RTC1 /MDd /GS /fp:precise /Zc:wchar_t /Zc:forScope /Fo"x64\Debug\\" /Fd"x64\Debug\vc120.pdb" /Gd /TC /errorReport:prompt mtest6.c
         mtest6.c
     1>mtest6.c(42): warning C4244: 'function' : conversion from 'time_t' to 'unsigned int', possible loss of data
     1>mtest6.c(62): warning C4996: 'sprintf': This function or variable may be unsafe. Consider using sprintf_s instead. To disable deprecation, use _CRT_SECURE_NO_WARNINGS. See online help for details.
                 C:\Program Files (x86)\Microsoft Visual Studio 12.0\VC\include\stdio.h(356) : see declaration of 'sprintf'
     1>mtest6.c(68): warning C4996: 'sprintf': This function or variable may be unsafe. Consider using sprintf_s instead. To disable deprecation, use _CRT_SECURE_NO_WARNINGS. See online help for details.
                 C:\Program Files (x86)\Microsoft Visual Studio 12.0\VC\include\stdio.h(356) : see declaration of 'sprintf'
     1>mtest6.c(74): warning C4996: 'sprintf': This function or variable may be unsafe. Consider using sprintf_s instead. To disable deprecation, use _CRT_SECURE_NO_WARNINGS. See online help for details.
                 C:\Program Files (x86)\Microsoft Visual Studio 12.0\VC\include\stdio.h(356) : see declaration of 'sprintf'
     1>mtest6.c(81): warning C4013: 'mdb_dkey' undefined; assuming extern returning int
     1>mtest6.c(37): warning C4101: 'count' : unreferenced local variable
     1>mtest6.c(38): warning C4101: 'values' : unreferenced local variable
       Link:
         C:\Program Files (x86)\Microsoft Visual Studio 12.0\VC\bin\x86_amd64\link.exe /ERRORREPORT:PROMPT /OUT:"C:\cygwin64\home\htao\lightningdb-win\x64\Debug\liblmdb.test6.exe" /INCREMENTAL /NOLOGO "C:\cygwin64\home\htao\lightningdb-win\Debug\lmdb.lib" kernel32.lib user32.lib gdi32.lib winspool.lib comdlg32.lib advapi32.lib shell32.lib ole32.lib oleaut32.lib uuid.lib odbc32.lib odbccp32.lib /MANIFEST /MANIFESTUAC:"level='asInvoker' uiAccess='false'" /manifest:embed /DEBUG /PDB:"C:\cygwin64\home\htao\lightningdb-win\x64\Debug\liblmdb.test6.pdb" /TLBID:1 /DYNAMICBASE /NXCOMPAT /IMPLIB:"C:\cygwin64\home\htao\lightningdb-win\x64\Debug\liblmdb.test6.lib" /MACHINE:X64 x64\Debug\mtest6.obj
     1>LINK : fatal error LNK1104: cannot open file 'C:\cygwin64\home\htao\lightningdb-win\Debug\lmdb.lib'
     1>Done Building Project "C:\cygwin64\home\htao\lightningdb-win\liblmdb.test6\liblmdb.test6.vcxproj" (Rebuild target(s)) -- FAILED.

Build FAILED.

Time Elapsed 00:00:00.65
